The target system is: Android - 1 - aarch64
The host system is: Darwin - 21.3.0 - x86_64
Detecting C compiler ABI info compiled with the following output:
Change Dir: /Users/smzdm/AndroidStudioProjects/ffmpeg4android/ffmpeg-stream-mp4/.cxx/RelWithDebInfo/6s618725/arm64-v8a/CMakeFiles/CMakeTmp

Run Build Command(s):/Users/smzdm/Library/Android/sdk/cmake/3.18.1/bin/ninja cmTC_5c749 && [1/2] Building C object CMakeFiles/cmTC_5c749.dir/CMakeCCompilerABI.c.o
Android (5220042 based on r346389c) clang version 8.0.7 (https://android.googlesource.com/toolchain/clang b55f2d4ebfd35bf643d27dbca1bb228957008617) (https://android.googlesource.com/toolchain/llvm 3c393fe7a7e13b0fba4ac75a01aa683d7a5b11cd) (based on LLVM 8.0.7svn)
Target: aarch64-none-linux-android21
Thread model: posix
InstalledDir: /Users/smzdm/Library/Android/sdk/ndk/20.0.5594570/toolchains/llvm/prebuilt/darwin-x86_64/bin
Found candidate GCC installation: /Users/smzdm/Library/Android/sdk/ndk/20.0.5594570/toolchains/llvm/prebuilt/darwin-x86_64/lib/gcc/aarch64-linux-android/4.9.x
Selected GCC installation: /Users/smzdm/Library/Android/sdk/ndk/20.0.5594570/toolchains/llvm/prebuilt/darwin-x86_64/lib/gcc/aarch64-linux-android/4.9.x
Candidate multilib: .;@m64
Selected multilib: .;@m64
 "/Users/smzdm/Library/Android/sdk/ndk/20.0.5594570/toolchains/llvm/prebuilt/darwin-x86_64/bin/clang" -cc1 -triple aarch64-none-linux-android21 -emit-obj -mrelax-all -mnoexecstack -disable-free -disable-llvm-verifier -discard-value-names -main-file-name CMakeCCompilerABI.c -mrelocation-model pic -pic-level 2 -pic-is-pie -mthread-model posix -mdisable-fp-elim -masm-verbose -mconstructor-aliases -munwind-tables -fuse-init-array -target-cpu generic -target-feature +neon -target-abi aapcs -mllvm -aarch64-fix-cortex-a53-835769=1 -fallow-half-arguments-and-returns -dwarf-column-info -debug-info-kind=limited -dwarf-version=4 -debugger-tuning=gdb -target-linker-version 241.9 -v -ffunction-sections -fdata-sections -coverage-notes-file /Users/smzdm/AndroidStudioProjects/ffmpeg4android/ffmpeg-stream-mp4/.cxx/RelWithDebInfo/6s618725/arm64-v8a/CMakeFiles/CMakeTmp/CMakeFiles/cmTC_5c749.dir/CMakeCCompilerABI.c.gcno -resource-dir /Users/smzdm/Library/Android/sdk/ndk/20.0.5594570/toolchains/llvm/prebuilt/darwin-x86_64/lib64/clang/8.0.7 -dependency-file CMakeFiles/cmTC_5c749.dir/CMakeCCompilerABI.c.o.d -sys-header-deps -MT CMakeFiles/cmTC_5c749.dir/CMakeCCompilerABI.c.o -D ANDROID -isysroot /Users/smzdm/Library/Android/sdk/ndk/20.0.5594570/toolchains/llvm/prebuilt/darwin-x86_64/sysroot -internal-isystem /Users/smzdm/Library/Android/sdk/ndk/20.0.5594570/toolchains/llvm/prebuilt/darwin-x86_64/sysroot/usr/local/include -internal-isystem /Users/smzdm/Library/Android/sdk/ndk/20.0.5594570/toolchains/llvm/prebuilt/darwin-x86_64/lib64/clang/8.0.7/include -internal-externc-isystem /Users/smzdm/Library/Android/sdk/ndk/20.0.5594570/toolchains/llvm/prebuilt/darwin-x86_64/sysroot/usr/include/aarch64-linux-android -internal-externc-isystem /Users/smzdm/Library/Android/sdk/ndk/20.0.5594570/toolchains/llvm/prebuilt/darwin-x86_64/sysroot/include -internal-externc-isystem /Users/smzdm/Library/Android/sdk/ndk/20.0.5594570/toolchains/llvm/prebuilt/darwin-x86_64/sysroot/usr/include -Wformat -fdebug-compilation-dir /Users/smzdm/AndroidStudioProjects/ffmpeg4android/ffmpeg-stream-mp4/.cxx/RelWithDebInfo/6s618725/arm64-v8a/CMakeFiles/CMakeTmp -ferror-limit 19 -fmessage-length 0 -stack-protector 2 -fno-signed-char -fobjc-runtime=gcc -fdiagnostics-show-option -o CMakeFiles/cmTC_5c749.dir/CMakeCCompilerABI.c.o -x c /Users/smzdm/Library/Android/sdk/cmake/3.18.1/share/cmake-3.18/Modules/CMakeCCompilerABI.c
clang -cc1 version 8.0.7 based upon LLVM 8.0.7svn default target x86_64-apple-darwin21.3.0
ignoring nonexistent directory "/Users/smzdm/Library/Android/sdk/ndk/20.0.5594570/toolchains/llvm/prebuilt/darwin-x86_64/sysroot/include"
#include "..." search starts here:
#include <...> search starts here:
 /Users/smzdm/Library/Android/sdk/ndk/20.0.5594570/toolchains/llvm/prebuilt/darwin-x86_64/sysroot/usr/local/include
 /Users/smzdm/Library/Android/sdk/ndk/20.0.5594570/toolchains/llvm/prebuilt/darwin-x86_64/lib64/clang/8.0.7/include
 /Users/smzdm/Library/Android/sdk/ndk/20.0.5594570/toolchains/llvm/prebuilt/darwin-x86_64/sysroot/usr/include/aarch64-linux-android
 /Users/smzdm/Library/Android/sdk/ndk/20.0.5594570/toolchains/llvm/prebuilt/darwin-x86_64/sysroot/usr/include
End of search list.
[2/2] Linking C executable cmTC_5c749
Android (5220042 based on r346389c) clang version 8.0.7 (https://android.googlesource.com/toolchain/clang b55f2d4ebfd35bf643d27dbca1bb228957008617) (https://android.googlesource.com/toolchain/llvm 3c393fe7a7e13b0fba4ac75a01aa683d7a5b11cd) (based on LLVM 8.0.7svn)
Target: aarch64-none-linux-android21
Thread model: posix
InstalledDir: /Users/smzdm/Library/Android/sdk/ndk/20.0.5594570/toolchains/llvm/prebuilt/darwin-x86_64/bin
Found candidate GCC installation: /Users/smzdm/Library/Android/sdk/ndk/20.0.5594570/toolchains/llvm/prebuilt/darwin-x86_64/lib/gcc/aarch64-linux-android/4.9.x
Selected GCC installation: /Users/smzdm/Library/Android/sdk/ndk/20.0.5594570/toolchains/llvm/prebuilt/darwin-x86_64/lib/gcc/aarch64-linux-android/4.9.x
Candidate multilib: .;@m64
Selected multilib: .;@m64
 "/Users/smzdm/Library/Android/sdk/ndk/20.0.5594570/toolchains/llvm/prebuilt/darwin-x86_64/lib/gcc/aarch64-linux-android/4.9.x/../../../../aarch64-linux-android/bin/ld" --sysroot=/Users/smzdm/Library/Android/sdk/ndk/20.0.5594570/toolchains/llvm/prebuilt/darwin-x86_64/sysroot -pie -EL --fix-cortex-a53-843419 -z now -z relro --hash-style=both --enable-new-dtags --eh-frame-hdr -m aarch64linux -dynamic-linker /system/bin/linker64 -o cmTC_5c749 /Users/smzdm/Library/Android/sdk/ndk/20.0.5594570/toolchains/llvm/prebuilt/darwin-x86_64/sysroot/usr/lib/aarch64-linux-android/21/crtbegin_dynamic.o -L/Users/smzdm/Library/Android/sdk/ndk/20.0.5594570/toolchains/llvm/prebuilt/darwin-x86_64/lib64/clang/8.0.7/lib/linux/aarch64 -L/Users/smzdm/Library/Android/sdk/ndk/20.0.5594570/toolchains/llvm/prebuilt/darwin-x86_64/lib/gcc/aarch64-linux-android/4.9.x -L/Users/smzdm/Library/Android/sdk/ndk/20.0.5594570/toolchains/llvm/prebuilt/darwin-x86_64/lib/gcc/aarch64-linux-android/4.9.x/../../../../aarch64-linux-android/lib/../lib64 -L/Users/smzdm/Library/Android/sdk/ndk/20.0.5594570/toolchains/llvm/prebuilt/darwin-x86_64/sysroot/usr/lib/aarch64-linux-android/21 -L/Users/smzdm/Library/Android/sdk/ndk/20.0.5594570/toolchains/llvm/prebuilt/darwin-x86_64/sysroot/usr/lib/aarch64-linux-android -L/Users/smzdm/Library/Android/sdk/ndk/20.0.5594570/toolchains/llvm/prebuilt/darwin-x86_64/lib/gcc/aarch64-linux-android/4.9.x/../../../../aarch64-linux-android/lib -L/Users/smzdm/Library/Android/sdk/ndk/20.0.5594570/toolchains/llvm/prebuilt/darwin-x86_64/sysroot/usr/lib --exclude-libs libgcc.a --exclude-libs libatomic.a --build-id --warn-shared-textrel --fatal-warnings --no-undefined -z noexecstack --gc-sections CMakeFiles/cmTC_5c749.dir/CMakeCCompilerABI.c.o -lgcc -ldl -lc -lgcc -ldl /Users/smzdm/Library/Android/sdk/ndk/20.0.5594570/toolchains/llvm/prebuilt/darwin-x86_64/sysroot/usr/lib/aarch64-linux-android/21/crtend_android.o



Parsed C implicit include dir info from above output: rv=done
  found start of include info
  found start of implicit include info
    add: [/Users/smzdm/Library/Android/sdk/ndk/20.0.5594570/toolchains/llvm/prebuilt/darwin-x86_64/sysroot/usr/local/include]
    add: [/Users/smzdm/Library/Android/sdk/ndk/20.0.5594570/toolchains/llvm/prebuilt/darwin-x86_64/lib64/clang/8.0.7/include]
    add: [/Users/smzdm/Library/Android/sdk/ndk/20.0.5594570/toolchains/llvm/prebuilt/darwin-x86_64/sysroot/usr/include/aarch64-linux-android]
    add: [/Users/smzdm/Library/Android/sdk/ndk/20.0.5594570/toolchains/llvm/prebuilt/darwin-x86_64/sysroot/usr/include]
  end of search list found
  collapse include dir [/Users/smzdm/Library/Android/sdk/ndk/20.0.5594570/toolchains/llvm/prebuilt/darwin-x86_64/sysroot/usr/local/include] ==> [/Users/smzdm/Library/Android/sdk/ndk/20.0.5594570/toolchains/llvm/prebuilt/darwin-x86_64/sysroot/usr/local/include]
  collapse include dir [/Users/smzdm/Library/Android/sdk/ndk/20.0.5594570/toolchains/llvm/prebuilt/darwin-x86_64/lib64/clang/8.0.7/include] ==> [/Users/smzdm/Library/Android/sdk/ndk/20.0.5594570/toolchains/llvm/prebuilt/darwin-x86_64/lib64/clang/8.0.7/include]
  collapse include dir [/Users/smzdm/Library/Android/sdk/ndk/20.0.5594570/toolchains/llvm/prebuilt/darwin-x86_64/sysroot/usr/include/aarch64-linux-android] ==> [/Users/smzdm/Library/Android/sdk/ndk/20.0.5594570/toolchains/llvm/prebuilt/darwin-x86_64/sysroot/usr/include/aarch64-linux-android]
  collapse include dir [/Users/smzdm/Library/Android/sdk/ndk/20.0.5594570/toolchains/llvm/prebuilt/darwin-x86_64/sysroot/usr/include] ==> [/Users/smzdm/Library/Android/sdk/ndk/20.0.5594570/toolchains/llvm/prebuilt/darwin-x86_64/sysroot/usr/include]
  implicit include dirs: [/Users/smzdm/Library/Android/sdk/ndk/20.0.5594570/toolchains/llvm/prebuilt/darwin-x86_64/sysroot/usr/local/include;/Users/smzdm/Library/Android/sdk/ndk/20.0.5594570/toolchains/llvm/prebuilt/darwin-x86_64/lib64/clang/8.0.7/include;/Users/smzdm/Library/Android/sdk/ndk/20.0.5594570/toolchains/llvm/prebuilt/darwin-x86_64/sysroot/usr/include/aarch64-linux-android;/Users/smzdm/Library/Android/sdk/ndk/20.0.5594570/toolchains/llvm/prebuilt/darwin-x86_64/sysroot/usr/include]


Parsed C implicit link information from above output:
  link line regex: [^( *|.*[/\])(aarch64-linux-android-ld|CMAKE_LINK_STARTFILE-NOTFOUND|([^/\]+-)?ld|collect2)[^/\]*( |$)]
  ignore line: [Change Dir: /Users/smzdm/AndroidStudioProjects/ffmpeg4android/ffmpeg-stream-mp4/.cxx/RelWithDebInfo/6s618725/arm64-v8a/CMakeFiles/CMakeTmp]
  ignore line: []
  ignore line: [Run Build Command(s):/Users/smzdm/Library/Android/sdk/cmake/3.18.1/bin/ninja cmTC_5c749 && [1/2] Building C object CMakeFiles/cmTC_5c749.dir/CMakeCCompilerABI.c.o]
  ignore line: [Android (5220042 based on r346389c) clang version 8.0.7 (https://android.googlesource.com/toolchain/clang b55f2d4ebfd35bf643d27dbca1bb228957008617) (https://android.googlesource.com/toolchain/llvm 3c393fe7a7e13b0fba4ac75a01aa683d7a5b11cd) (based on LLVM 8.0.7svn)]
  ignore line: [Target: aarch64-none-linux-android21]
  ignore line: [Thread model: posix]
  ignore line: [InstalledDir: /Users/smzdm/Library/Android/sdk/ndk/20.0.5594570/toolchains/llvm/prebuilt/darwin-x86_64/bin]
  ignore line: [Found candidate GCC installation: /Users/smzdm/Library/Android/sdk/ndk/20.0.5594570/toolchains/llvm/prebuilt/darwin-x86_64/lib/gcc/aarch64-linux-android/4.9.x]
  ignore line: [Selected GCC installation: /Users/smzdm/Library/Android/sdk/ndk/20.0.5594570/toolchains/llvm/prebuilt/darwin-x86_64/lib/gcc/aarch64-linux-android/4.9.x]
  ignore line: [Candidate multilib: .]
  ignore line: [@m64]
  ignore line: [Selected multilib: .]
  ignore line: [@m64]
  ignore line: [ "/Users/smzdm/Library/Android/sdk/ndk/20.0.5594570/toolchains/llvm/prebuilt/darwin-x86_64/bin/clang" -cc1 -triple aarch64-none-linux-android21 -emit-obj -mrelax-all -mnoexecstack -disable-free -disable-llvm-verifier -discard-value-names -main-file-name CMakeCCompilerABI.c -mrelocation-model pic -pic-level 2 -pic-is-pie -mthread-model posix -mdisable-fp-elim -masm-verbose -mconstructor-aliases -munwind-tables -fuse-init-array -target-cpu generic -target-feature +neon -target-abi aapcs -mllvm -aarch64-fix-cortex-a53-835769=1 -fallow-half-arguments-and-returns -dwarf-column-info -debug-info-kind=limited -dwarf-version=4 -debugger-tuning=gdb -target-linker-version 241.9 -v -ffunction-sections -fdata-sections -coverage-notes-file /Users/smzdm/AndroidStudioProjects/ffmpeg4android/ffmpeg-stream-mp4/.cxx/RelWithDebInfo/6s618725/arm64-v8a/CMakeFiles/CMakeTmp/CMakeFiles/cmTC_5c749.dir/CMakeCCompilerABI.c.gcno -resource-dir /Users/smzdm/Library/Android/sdk/ndk/20.0.5594570/toolchains/llvm/prebuilt/darwin-x86_64/lib64/clang/8.0.7 -dependency-file CMakeFiles/cmTC_5c749.dir/CMakeCCompilerABI.c.o.d -sys-header-deps -MT CMakeFiles/cmTC_5c749.dir/CMakeCCompilerABI.c.o -D ANDROID -isysroot /Users/smzdm/Library/Android/sdk/ndk/20.0.5594570/toolchains/llvm/prebuilt/darwin-x86_64/sysroot -internal-isystem /Users/smzdm/Library/Android/sdk/ndk/20.0.5594570/toolchains/llvm/prebuilt/darwin-x86_64/sysroot/usr/local/include -internal-isystem /Users/smzdm/Library/Android/sdk/ndk/20.0.5594570/toolchains/llvm/prebuilt/darwin-x86_64/lib64/clang/8.0.7/include -internal-externc-isystem /Users/smzdm/Library/Android/sdk/ndk/20.0.5594570/toolchains/llvm/prebuilt/darwin-x86_64/sysroot/usr/include/aarch64-linux-android -internal-externc-isystem /Users/smzdm/Library/Android/sdk/ndk/20.0.5594570/toolchains/llvm/prebuilt/darwin-x86_64/sysroot/include -internal-externc-isystem /Users/smzdm/Library/Android/sdk/ndk/20.0.5594570/toolchains/llvm/prebuilt/darwin-x86_64/sysroot/usr/include -Wformat -fdebug-compilation-dir /Users/smzdm/AndroidStudioProjects/ffmpeg4android/ffmpeg-stream-mp4/.cxx/RelWithDebInfo/6s618725/arm64-v8a/CMakeFiles/CMakeTmp -ferror-limit 19 -fmessage-length 0 -stack-protector 2 -fno-signed-char -fobjc-runtime=gcc -fdiagnostics-show-option -o CMakeFiles/cmTC_5c749.dir/CMakeCCompilerABI.c.o -x c /Users/smzdm/Library/Android/sdk/cmake/3.18.1/share/cmake-3.18/Modules/CMakeCCompilerABI.c]
  ignore line: [clang -cc1 version 8.0.7 based upon LLVM 8.0.7svn default target x86_64-apple-darwin21.3.0]
  ignore line: [ignoring nonexistent directory "/Users/smzdm/Library/Android/sdk/ndk/20.0.5594570/toolchains/llvm/prebuilt/darwin-x86_64/sysroot/include"]
  ignore line: [#include "..." search starts here:]
  ignore line: [#include <...> search starts here:]
  ignore line: [ /Users/smzdm/Library/Android/sdk/ndk/20.0.5594570/toolchains/llvm/prebuilt/darwin-x86_64/sysroot/usr/local/include]
  ignore line: [ /Users/smzdm/Library/Android/sdk/ndk/20.0.5594570/toolchains/llvm/prebuilt/darwin-x86_64/lib64/clang/8.0.7/include]
  ignore line: [ /Users/smzdm/Library/Android/sdk/ndk/20.0.5594570/toolchains/llvm/prebuilt/darwin-x86_64/sysroot/usr/include/aarch64-linux-android]
  ignore line: [ /Users/smzdm/Library/Android/sdk/ndk/20.0.5594570/toolchains/llvm/prebuilt/darwin-x86_64/sysroot/usr/include]
  ignore line: [End of search list.]
  ignore line: [[2/2] Linking C executable cmTC_5c749]
  ignore line: [Android (5220042 based on r346389c) clang version 8.0.7 (https://android.googlesource.com/toolchain/clang b55f2d4ebfd35bf643d27dbca1bb228957008617) (https://android.googlesource.com/toolchain/llvm 3c393fe7a7e13b0fba4ac75a01aa683d7a5b11cd) (based on LLVM 8.0.7svn)]
  ignore line: [Target: aarch64-none-linux-android21]
  ignore line: [Thread model: posix]
  ignore line: [InstalledDir: /Users/smzdm/Library/Android/sdk/ndk/20.0.5594570/toolchains/llvm/prebuilt/darwin-x86_64/bin]
  ignore line: [Found candidate GCC installation: /Users/smzdm/Library/Android/sdk/ndk/20.0.5594570/toolchains/llvm/prebuilt/darwin-x86_64/lib/gcc/aarch64-linux-android/4.9.x]
  ignore line: [Selected GCC installation: /Users/smzdm/Library/Android/sdk/ndk/20.0.5594570/toolchains/llvm/prebuilt/darwin-x86_64/lib/gcc/aarch64-linux-android/4.9.x]
  ignore line: [Candidate multilib: .]
  ignore line: [@m64]
  ignore line: [Selected multilib: .]
  ignore line: [@m64]
  link line: [ "/Users/smzdm/Library/Android/sdk/ndk/20.0.5594570/toolchains/llvm/prebuilt/darwin-x86_64/lib/gcc/aarch64-linux-android/4.9.x/../../../../aarch64-linux-android/bin/ld" --sysroot=/Users/smzdm/Library/Android/sdk/ndk/20.0.5594570/toolchains/llvm/prebuilt/darwin-x86_64/sysroot -pie -EL --fix-cortex-a53-843419 -z now -z relro --hash-style=both --enable-new-dtags --eh-frame-hdr -m aarch64linux -dynamic-linker /system/bin/linker64 -o cmTC_5c749 /Users/smzdm/Library/Android/sdk/ndk/20.0.5594570/toolchains/llvm/prebuilt/darwin-x86_64/sysroot/usr/lib/aarch64-linux-android/21/crtbegin_dynamic.o -L/Users/smzdm/Library/Android/sdk/ndk/20.0.5594570/toolchains/llvm/prebuilt/darwin-x86_64/lib64/clang/8.0.7/lib/linux/aarch64 -L/Users/smzdm/Library/Android/sdk/ndk/20.0.5594570/toolchains/llvm/prebuilt/darwin-x86_64/lib/gcc/aarch64-linux-android/4.9.x -L/Users/smzdm/Library/Android/sdk/ndk/20.0.5594570/toolchains/llvm/prebuilt/darwin-x86_64/lib/gcc/aarch64-linux-android/4.9.x/../../../../aarch64-linux-android/lib/../lib64 -L/Users/smzdm/Library/Android/sdk/ndk/20.0.5594570/toolchains/llvm/prebuilt/darwin-x86_64/sysroot/usr/lib/aarch64-linux-android/21 -L/Users/smzdm/Library/Android/sdk/ndk/20.0.5594570/toolchains/llvm/prebuilt/darwin-x86_64/sysroot/usr/lib/aarch64-linux-android -L/Users/smzdm/Library/Android/sdk/ndk/20.0.5594570/toolchains/llvm/prebuilt/darwin-x86_64/lib/gcc/aarch64-linux-android/4.9.x/../../../../aarch64-linux-android/lib -L/Users/smzdm/Library/Android/sdk/ndk/20.0.5594570/toolchains/llvm/prebuilt/darwin-x86_64/sysroot/usr/lib --exclude-libs libgcc.a --exclude-libs libatomic.a --build-id --warn-shared-textrel --fatal-warnings --no-undefined -z noexecstack --gc-sections CMakeFiles/cmTC_5c749.dir/CMakeCCompilerABI.c.o -lgcc -ldl -lc -lgcc -ldl /Users/smzdm/Library/Android/sdk/ndk/20.0.5594570/toolchains/llvm/prebuilt/darwin-x86_64/sysroot/usr/lib/aarch64-linux-android/21/crtend_android.o]
    arg [/Users/smzdm/Library/Android/sdk/ndk/20.0.5594570/toolchains/llvm/prebuilt/darwin-x86_64/lib/gcc/aarch64-linux-android/4.9.x/../../../../aarch64-linux-android/bin/ld] ==> ignore
    arg [--sysroot=/Users/smzdm/Library/Android/sdk/ndk/20.0.5594570/toolchains/llvm/prebuilt/darwin-x86_64/sysroot] ==> ignore
    arg [-pie] ==> ignore
    arg [-EL] ==> ignore
    arg [--fix-cortex-a53-843419] ==> ignore
    arg [-znow] ==> ignore
    arg [-zrelro] ==> ignore
    arg [--hash-style=both] ==> ignore
    arg [--enable-new-dtags] ==> ignore
    arg [--eh-frame-hdr] ==> ignore
    arg [-m] ==> ignore
    arg [aarch64linux] ==> ignore
    arg [-dynamic-linker] ==> ignore
    arg [/system/bin/linker64] ==> ignore
    arg [-o] ==> ignore
    arg [cmTC_5c749] ==> ignore
    arg [/Users/smzdm/Library/Android/sdk/ndk/20.0.5594570/toolchains/llvm/prebuilt/darwin-x86_64/sysroot/usr/lib/aarch64-linux-android/21/crtbegin_dynamic.o] ==> ignore
    arg [-L/Users/smzdm/Library/Android/sdk/ndk/20.0.5594570/toolchains/llvm/prebuilt/darwin-x86_64/lib64/clang/8.0.7/lib/linux/aarch64] ==> dir [/Users/smzdm/Library/Android/sdk/ndk/20.0.5594570/toolchains/llvm/prebuilt/darwin-x86_64/lib64/clang/8.0.7/lib/linux/aarch64]
    arg [-L/Users/smzdm/Library/Android/sdk/ndk/20.0.5594570/toolchains/llvm/prebuilt/darwin-x86_64/lib/gcc/aarch64-linux-android/4.9.x] ==> dir [/Users/smzdm/Library/Android/sdk/ndk/20.0.5594570/toolchains/llvm/prebuilt/darwin-x86_64/lib/gcc/aarch64-linux-android/4.9.x]
    arg [-L/Users/smzdm/Library/Android/sdk/ndk/20.0.5594570/toolchains/llvm/prebuilt/darwin-x86_64/lib/gcc/aarch64-linux-android/4.9.x/../../../../aarch64-linux-android/lib/../lib64] ==> dir [/Users/smzdm/Library/Android/sdk/ndk/20.0.5594570/toolchains/llvm/prebuilt/darwin-x86_64/lib/gcc/aarch64-linux-android/4.9.x/../../../../aarch64-linux-android/lib/../lib64]
    arg [-L/Users/smzdm/Library/Android/sdk/ndk/20.0.5594570/toolchains/llvm/prebuilt/darwin-x86_64/sysroot/usr/lib/aarch64-linux-android/21] ==> dir [/Users/smzdm/Library/Android/sdk/ndk/20.0.5594570/toolchains/llvm/prebuilt/darwin-x86_64/sysroot/usr/lib/aarch64-linux-android/21]
    arg [-L/Users/smzdm/Library/Android/sdk/ndk/20.0.5594570/toolchains/llvm/prebuilt/darwin-x86_64/sysroot/usr/lib/aarch64-linux-android] ==> dir [/Users/smzdm/Library/Android/sdk/ndk/20.0.5594570/toolchains/llvm/prebuilt/darwin-x86_64/sysroot/usr/lib/aarch64-linux-android]
    arg [-L/Users/smzdm/Library/Android/sdk/ndk/20.0.5594570/toolchains/llvm/prebuilt/darwin-x86_64/lib/gcc/aarch64-linux-android/4.9.x/../../../../aarch64-linux-android/lib] ==> dir [/Users/smzdm/Library/Android/sdk/ndk/20.0.5594570/toolchains/llvm/prebuilt/darwin-x86_64/lib/gcc/aarch64-linux-android/4.9.x/../../../../aarch64-linux-android/lib]
    arg [-L/Users/smzdm/Library/Android/sdk/ndk/20.0.5594570/toolchains/llvm/prebuilt/darwin-x86_64/sysroot/usr/lib] ==> dir [/Users/smzdm/Library/Android/sdk/ndk/20.0.5594570/toolchains/llvm/prebuilt/darwin-x86_64/sysroot/usr/lib]
    arg [--exclude-libs] ==> ignore
    arg [libgcc.a] ==> ignore
    arg [--exclude-libs] ==> ignore
    arg [libatomic.a] ==> ignore
    arg [--build-id] ==> ignore
    arg [--warn-shared-textrel] ==> ignore
    arg [--fatal-warnings] ==> ignore
    arg [--no-undefined] ==> ignore
    arg [-znoexecstack] ==> ignore
    arg [--gc-sections] ==> ignore
    arg [CMakeFiles/cmTC_5c749.dir/CMakeCCompilerABI.c.o] ==> ignore
    arg [-lgcc] ==> lib [gcc]
    arg [-ldl] ==> lib [dl]
    arg [-lc] ==> lib [c]
    arg [-lgcc] ==> lib [gcc]
    arg [-ldl] ==> lib [dl]
    arg [/Users/smzdm/Library/Android/sdk/ndk/20.0.5594570/toolchains/llvm/prebuilt/darwin-x86_64/sysroot/usr/lib/aarch64-linux-android/21/crtend_android.o] ==> ignore
  collapse library dir [/Users/smzdm/Library/Android/sdk/ndk/20.0.5594570/toolchains/llvm/prebuilt/darwin-x86_64/lib64/clang/8.0.7/lib/linux/aarch64] ==> [/Users/smzdm/Library/Android/sdk/ndk/20.0.5594570/toolchains/llvm/prebuilt/darwin-x86_64/lib64/clang/8.0.7/lib/linux/aarch64]
  collapse library dir [/Users/smzdm/Library/Android/sdk/ndk/20.0.5594570/toolchains/llvm/prebuilt/darwin-x86_64/lib/gcc/aarch64-linux-android/4.9.x] ==> [/Users/smzdm/Library/Android/sdk/ndk/20.0.5594570/toolchains/llvm/prebuilt/darwin-x86_64/lib/gcc/aarch64-linux-android/4.9.x]
  collapse library dir [/Users/smzdm/Library/Android/sdk/ndk/20.0.5594570/toolchains/llvm/prebuilt/darwin-x86_64/lib/gcc/aarch64-linux-android/4.9.x/../../../../aarch64-linux-android/lib/../lib64] ==> [/Users/smzdm/Library/Android/sdk/ndk/20.0.5594570/toolchains/llvm/prebuilt/darwin-x86_64/aarch64-linux-android/lib64]
  collapse library dir [/Users/smzdm/Library/Android/sdk/ndk/20.0.5594570/toolchains/llvm/prebuilt/darwin-x86_64/sysroot/usr/lib/aarch64-linux-android/21] ==> [/Users/smzdm/Library/Android/sdk/ndk/20.0.5594570/toolchains/llvm/prebuilt/darwin-x86_64/sysroot/usr/lib/aarch64-linux-android/21]
  collapse library dir [/Users/smzdm/Library/Android/sdk/ndk/20.0.5594570/toolchains/llvm/prebuilt/darwin-x86_64/sysroot/usr/lib/aarch64-linux-android] ==> [/Users/smzdm/Library/Android/sdk/ndk/20.0.5594570/toolchains/llvm/prebuilt/darwin-x86_64/sysroot/usr/lib/aarch64-linux-android]
  collapse library dir [/Users/smzdm/Library/Android/sdk/ndk/20.0.5594570/toolchains/llvm/prebuilt/darwin-x86_64/lib/gcc/aarch64-linux-android/4.9.x/../../../../aarch64-linux-android/lib] ==> [/Users/smzdm/Library/Android/sdk/ndk/20.0.5594570/toolchains/llvm/prebuilt/darwin-x86_64/aarch64-linux-android/lib]
  collapse library dir [/Users/smzdm/Library/Android/sdk/ndk/20.0.5594570/toolchains/llvm/prebuilt/darwin-x86_64/sysroot/usr/lib] ==> [/Users/smzdm/Library/Android/sdk/ndk/20.0.5594570/toolchains/llvm/prebuilt/darwin-x86_64/sysroot/usr/lib]
  implicit libs: [gcc;dl;c;gcc;dl]
  implicit dirs: [/Users/smzdm/Library/Android/sdk/ndk/20.0.5594570/toolchains/llvm/prebuilt/darwin-x86_64/lib64/clang/8.0.7/lib/linux/aarch64;/Users/smzdm/Library/Android/sdk/ndk/20.0.5594570/toolchains/llvm/prebuilt/darwin-x86_64/lib/gcc/aarch64-linux-android/4.9.x;/Users/smzdm/Library/Android/sdk/ndk/20.0.5594570/toolchains/llvm/prebuilt/darwin-x86_64/aarch64-linux-android/lib64;/Users/smzdm/Library/Android/sdk/ndk/20.0.5594570/toolchains/llvm/prebuilt/darwin-x86_64/sysroot/usr/lib/aarch64-linux-android/21;/Users/smzdm/Library/Android/sdk/ndk/20.0.5594570/toolchains/llvm/prebuilt/darwin-x86_64/sysroot/usr/lib/aarch64-linux-android;/Users/smzdm/Library/Android/sdk/ndk/20.0.5594570/toolchains/llvm/prebuilt/darwin-x86_64/aarch64-linux-android/lib;/Users/smzdm/Library/Android/sdk/ndk/20.0.5594570/toolchains/llvm/prebuilt/darwin-x86_64/sysroot/usr/lib]
  implicit fwks: []


Detecting CXX compiler ABI info compiled with the following output:
Change Dir: /Users/smzdm/AndroidStudioProjects/ffmpeg4android/ffmpeg-stream-mp4/.cxx/RelWithDebInfo/6s618725/arm64-v8a/CMakeFiles/CMakeTmp

Run Build Command(s):/Users/smzdm/Library/Android/sdk/cmake/3.18.1/bin/ninja cmTC_0570f && [1/2] Building CXX object CMakeFiles/cmTC_0570f.dir/CMakeCXXCompilerABI.cpp.o
Android (5220042 based on r346389c) clang version 8.0.7 (https://android.googlesource.com/toolchain/clang b55f2d4ebfd35bf643d27dbca1bb228957008617) (https://android.googlesource.com/toolchain/llvm 3c393fe7a7e13b0fba4ac75a01aa683d7a5b11cd) (based on LLVM 8.0.7svn)
Target: aarch64-none-linux-android21
Thread model: posix
InstalledDir: /Users/smzdm/Library/Android/sdk/ndk/20.0.5594570/toolchains/llvm/prebuilt/darwin-x86_64/bin
Found candidate GCC installation: /Users/smzdm/Library/Android/sdk/ndk/20.0.5594570/toolchains/llvm/prebuilt/darwin-x86_64/lib/gcc/aarch64-linux-android/4.9.x
Selected GCC installation: /Users/smzdm/Library/Android/sdk/ndk/20.0.5594570/toolchains/llvm/prebuilt/darwin-x86_64/lib/gcc/aarch64-linux-android/4.9.x
Candidate multilib: .;@m64
Selected multilib: .;@m64
 "/Users/smzdm/Library/Android/sdk/ndk/20.0.5594570/toolchains/llvm/prebuilt/darwin-x86_64/bin/clang++" -cc1 -triple aarch64-none-linux-android21 -emit-obj -mrelax-all -mnoexecstack -disable-free -disable-llvm-verifier -discard-value-names -main-file-name CMakeCXXCompilerABI.cpp -mrelocation-model pic -pic-level 2 -pic-is-pie -mthread-model posix -mdisable-fp-elim -masm-verbose -mconstructor-aliases -munwind-tables -fuse-init-array -target-cpu generic -target-feature +neon -target-abi aapcs -mllvm -aarch64-fix-cortex-a53-835769=1 -fallow-half-arguments-and-returns -dwarf-column-info -debug-info-kind=limited -dwarf-version=4 -debugger-tuning=gdb -target-linker-version 241.9 -v -ffunction-sections -fdata-sections -coverage-notes-file /Users/smzdm/AndroidStudioProjects/ffmpeg4android/ffmpeg-stream-mp4/.cxx/RelWithDebInfo/6s618725/arm64-v8a/CMakeFiles/CMakeTmp/CMakeFiles/cmTC_0570f.dir/CMakeCXXCompilerABI.cpp.gcno -resource-dir /Users/smzdm/Library/Android/sdk/ndk/20.0.5594570/toolchains/llvm/prebuilt/darwin-x86_64/lib64/clang/8.0.7 -dependency-file CMakeFiles/cmTC_0570f.dir/CMakeCXXCompilerABI.cpp.o.d -sys-header-deps -MT CMakeFiles/cmTC_0570f.dir/CMakeCXXCompilerABI.cpp.o -D ANDROID -isysroot /Users/smzdm/Library/Android/sdk/ndk/20.0.5594570/toolchains/llvm/prebuilt/darwin-x86_64/sysroot -internal-isystem /Users/smzdm/Library/Android/sdk/ndk/20.0.5594570/toolchains/llvm/prebuilt/darwin-x86_64/sysroot/usr/include/c++/v1 -internal-isystem /Users/smzdm/Library/Android/sdk/ndk/20.0.5594570/toolchains/llvm/prebuilt/darwin-x86_64/sysroot/usr/local/include -internal-isystem /Users/smzdm/Library/Android/sdk/ndk/20.0.5594570/toolchains/llvm/prebuilt/darwin-x86_64/lib64/clang/8.0.7/include -internal-externc-isystem /Users/smzdm/Library/Android/sdk/ndk/20.0.5594570/toolchains/llvm/prebuilt/darwin-x86_64/sysroot/usr/include/aarch64-linux-android -internal-externc-isystem /Users/smzdm/Library/Android/sdk/ndk/20.0.5594570/toolchains/llvm/prebuilt/darwin-x86_64/sysroot/include -internal-externc-isystem /Users/smzdm/Library/Android/sdk/ndk/20.0.5594570/toolchains/llvm/prebuilt/darwin-x86_64/sysroot/usr/include -Wformat -fdeprecated-macro -fdebug-compilation-dir /Users/smzdm/AndroidStudioProjects/ffmpeg4android/ffmpeg-stream-mp4/.cxx/RelWithDebInfo/6s618725/arm64-v8a/CMakeFiles/CMakeTmp -ferror-limit 19 -fmessage-length 0 -stack-protector 2 -fno-signed-char -fobjc-runtime=gcc -fcxx-exceptions -fexceptions -fdiagnostics-show-option -o CMakeFiles/cmTC_0570f.dir/CMakeCXXCompilerABI.cpp.o -x c++ /Users/smzdm/Library/Android/sdk/cmake/3.18.1/share/cmake-3.18/Modules/CMakeCXXCompilerABI.cpp
clang -cc1 version 8.0.7 based upon LLVM 8.0.7svn default target x86_64-apple-darwin21.3.0
ignoring nonexistent directory "/Users/smzdm/Library/Android/sdk/ndk/20.0.5594570/toolchains/llvm/prebuilt/darwin-x86_64/sysroot/include"
#include "..." search starts here:
#include <...> search starts here:
 /Users/smzdm/Library/Android/sdk/ndk/20.0.5594570/toolchains/llvm/prebuilt/darwin-x86_64/sysroot/usr/include/c++/v1
 /Users/smzdm/Library/Android/sdk/ndk/20.0.5594570/toolchains/llvm/prebuilt/darwin-x86_64/sysroot/usr/local/include
 /Users/smzdm/Library/Android/sdk/ndk/20.0.5594570/toolchains/llvm/prebuilt/darwin-x86_64/lib64/clang/8.0.7/include
 /Users/smzdm/Library/Android/sdk/ndk/20.0.5594570/toolchains/llvm/prebuilt/darwin-x86_64/sysroot/usr/include/aarch64-linux-android
 /Users/smzdm/Library/Android/sdk/ndk/20.0.5594570/toolchains/llvm/prebuilt/darwin-x86_64/sysroot/usr/include
End of search list.
[2/2] Linking CXX executable cmTC_0570f
Android (5220042 based on r346389c) clang version 8.0.7 (https://android.googlesource.com/toolchain/clang b55f2d4ebfd35bf643d27dbca1bb228957008617) (https://android.googlesource.com/toolchain/llvm 3c393fe7a7e13b0fba4ac75a01aa683d7a5b11cd) (based on LLVM 8.0.7svn)
Target: aarch64-none-linux-android21
Thread model: posix
InstalledDir: /Users/smzdm/Library/Android/sdk/ndk/20.0.5594570/toolchains/llvm/prebuilt/darwin-x86_64/bin
Found candidate GCC installation: /Users/smzdm/Library/Android/sdk/ndk/20.0.5594570/toolchains/llvm/prebuilt/darwin-x86_64/lib/gcc/aarch64-linux-android/4.9.x
Selected GCC installation: /Users/smzdm/Library/Android/sdk/ndk/20.0.5594570/toolchains/llvm/prebuilt/darwin-x86_64/lib/gcc/aarch64-linux-android/4.9.x
Candidate multilib: .;@m64
Selected multilib: .;@m64
 "/Users/smzdm/Library/Android/sdk/ndk/20.0.5594570/toolchains/llvm/prebuilt/darwin-x86_64/lib/gcc/aarch64-linux-android/4.9.x/../../../../aarch64-linux-android/bin/ld" --sysroot=/Users/smzdm/Library/Android/sdk/ndk/20.0.5594570/toolchains/llvm/prebuilt/darwin-x86_64/sysroot -pie -EL --fix-cortex-a53-843419 -z now -z relro --hash-style=both --enable-new-dtags --eh-frame-hdr -m aarch64linux -dynamic-linker /system/bin/linker64 -o cmTC_0570f /Users/smzdm/Library/Android/sdk/ndk/20.0.5594570/toolchains/llvm/prebuilt/darwin-x86_64/sysroot/usr/lib/aarch64-linux-android/21/crtbegin_dynamic.o -L/Users/smzdm/Library/Android/sdk/ndk/20.0.5594570/toolchains/llvm/prebuilt/darwin-x86_64/lib64/clang/8.0.7/lib/linux/aarch64 -L/Users/smzdm/Library/Android/sdk/ndk/20.0.5594570/toolchains/llvm/prebuilt/darwin-x86_64/lib/gcc/aarch64-linux-android/4.9.x -L/Users/smzdm/Library/Android/sdk/ndk/20.0.5594570/toolchains/llvm/prebuilt/darwin-x86_64/lib/gcc/aarch64-linux-android/4.9.x/../../../../aarch64-linux-android/lib/../lib64 -L/Users/smzdm/Library/Android/sdk/ndk/20.0.5594570/toolchains/llvm/prebuilt/darwin-x86_64/sysroot/usr/lib/aarch64-linux-android/21 -L/Users/smzdm/Library/Android/sdk/ndk/20.0.5594570/toolchains/llvm/prebuilt/darwin-x86_64/sysroot/usr/lib/aarch64-linux-android -L/Users/smzdm/Library/Android/sdk/ndk/20.0.5594570/toolchains/llvm/prebuilt/darwin-x86_64/lib/gcc/aarch64-linux-android/4.9.x/../../../../aarch64-linux-android/lib -L/Users/smzdm/Library/Android/sdk/ndk/20.0.5594570/toolchains/llvm/prebuilt/darwin-x86_64/sysroot/usr/lib --exclude-libs libgcc.a --exclude-libs libatomic.a --build-id --warn-shared-textrel --fatal-warnings --no-undefined -z noexecstack --gc-sections CMakeFiles/cmTC_0570f.dir/CMakeCXXCompilerABI.cpp.o -Bstatic -lc++ -Bdynamic -lm -lgcc -ldl -lc -lgcc -ldl /Users/smzdm/Library/Android/sdk/ndk/20.0.5594570/toolchains/llvm/prebuilt/darwin-x86_64/sysroot/usr/lib/aarch64-linux-android/21/crtend_android.o



Parsed CXX implicit include dir info from above output: rv=done
  found start of include info
  found start of implicit include info
    add: [/Users/smzdm/Library/Android/sdk/ndk/20.0.5594570/toolchains/llvm/prebuilt/darwin-x86_64/sysroot/usr/include/c++/v1]
    add: [/Users/smzdm/Library/Android/sdk/ndk/20.0.5594570/toolchains/llvm/prebuilt/darwin-x86_64/sysroot/usr/local/include]
    add: [/Users/smzdm/Library/Android/sdk/ndk/20.0.5594570/toolchains/llvm/prebuilt/darwin-x86_64/lib64/clang/8.0.7/include]
    add: [/Users/smzdm/Library/Android/sdk/ndk/20.0.5594570/toolchains/llvm/prebuilt/darwin-x86_64/sysroot/usr/include/aarch64-linux-android]
    add: [/Users/smzdm/Library/Android/sdk/ndk/20.0.5594570/toolchains/llvm/prebuilt/darwin-x86_64/sysroot/usr/include]
  end of search list found
  collapse include dir [/Users/smzdm/Library/Android/sdk/ndk/20.0.5594570/toolchains/llvm/prebuilt/darwin-x86_64/sysroot/usr/include/c++/v1] ==> [/Users/smzdm/Library/Android/sdk/ndk/20.0.5594570/toolchains/llvm/prebuilt/darwin-x86_64/sysroot/usr/include/c++/v1]
  collapse include dir [/Users/smzdm/Library/Android/sdk/ndk/20.0.5594570/toolchains/llvm/prebuilt/darwin-x86_64/sysroot/usr/local/include] ==> [/Users/smzdm/Library/Android/sdk/ndk/20.0.5594570/toolchains/llvm/prebuilt/darwin-x86_64/sysroot/usr/local/include]
  collapse include dir [/Users/smzdm/Library/Android/sdk/ndk/20.0.5594570/toolchains/llvm/prebuilt/darwin-x86_64/lib64/clang/8.0.7/include] ==> [/Users/smzdm/Library/Android/sdk/ndk/20.0.5594570/toolchains/llvm/prebuilt/darwin-x86_64/lib64/clang/8.0.7/include]
  collapse include dir [/Users/smzdm/Library/Android/sdk/ndk/20.0.5594570/toolchains/llvm/prebuilt/darwin-x86_64/sysroot/usr/include/aarch64-linux-android] ==> [/Users/smzdm/Library/Android/sdk/ndk/20.0.5594570/toolchains/llvm/prebuilt/darwin-x86_64/sysroot/usr/include/aarch64-linux-android]
  collapse include dir [/Users/smzdm/Library/Android/sdk/ndk/20.0.5594570/toolchains/llvm/prebuilt/darwin-x86_64/sysroot/usr/include] ==> [/Users/smzdm/Library/Android/sdk/ndk/20.0.5594570/toolchains/llvm/prebuilt/darwin-x86_64/sysroot/usr/include]
  implicit include dirs: [/Users/smzdm/Library/Android/sdk/ndk/20.0.5594570/toolchains/llvm/prebuilt/darwin-x86_64/sysroot/usr/include/c++/v1;/Users/smzdm/Library/Android/sdk/ndk/20.0.5594570/toolchains/llvm/prebuilt/darwin-x86_64/sysroot/usr/local/include;/Users/smzdm/Library/Android/sdk/ndk/20.0.5594570/toolchains/llvm/prebuilt/darwin-x86_64/lib64/clang/8.0.7/include;/Users/smzdm/Library/Android/sdk/ndk/20.0.5594570/toolchains/llvm/prebuilt/darwin-x86_64/sysroot/usr/include/aarch64-linux-android;/Users/smzdm/Library/Android/sdk/ndk/20.0.5594570/toolchains/llvm/prebuilt/darwin-x86_64/sysroot/usr/include]


Parsed CXX implicit link information from above output:
  link line regex: [^( *|.*[/\])(aarch64-linux-android-ld|CMAKE_LINK_STARTFILE-NOTFOUND|([^/\]+-)?ld|collect2)[^/\]*( |$)]
  ignore line: [Change Dir: /Users/smzdm/AndroidStudioProjects/ffmpeg4android/ffmpeg-stream-mp4/.cxx/RelWithDebInfo/6s618725/arm64-v8a/CMakeFiles/CMakeTmp]
  ignore line: []
  ignore line: [Run Build Command(s):/Users/smzdm/Library/Android/sdk/cmake/3.18.1/bin/ninja cmTC_0570f && [1/2] Building CXX object CMakeFiles/cmTC_0570f.dir/CMakeCXXCompilerABI.cpp.o]
  ignore line: [Android (5220042 based on r346389c) clang version 8.0.7 (https://android.googlesource.com/toolchain/clang b55f2d4ebfd35bf643d27dbca1bb228957008617) (https://android.googlesource.com/toolchain/llvm 3c393fe7a7e13b0fba4ac75a01aa683d7a5b11cd) (based on LLVM 8.0.7svn)]
  ignore line: [Target: aarch64-none-linux-android21]
  ignore line: [Thread model: posix]
  ignore line: [InstalledDir: /Users/smzdm/Library/Android/sdk/ndk/20.0.5594570/toolchains/llvm/prebuilt/darwin-x86_64/bin]
  ignore line: [Found candidate GCC installation: /Users/smzdm/Library/Android/sdk/ndk/20.0.5594570/toolchains/llvm/prebuilt/darwin-x86_64/lib/gcc/aarch64-linux-android/4.9.x]
  ignore line: [Selected GCC installation: /Users/smzdm/Library/Android/sdk/ndk/20.0.5594570/toolchains/llvm/prebuilt/darwin-x86_64/lib/gcc/aarch64-linux-android/4.9.x]
  ignore line: [Candidate multilib: .]
  ignore line: [@m64]
  ignore line: [Selected multilib: .]
  ignore line: [@m64]
  ignore line: [ "/Users/smzdm/Library/Android/sdk/ndk/20.0.5594570/toolchains/llvm/prebuilt/darwin-x86_64/bin/clang++" -cc1 -triple aarch64-none-linux-android21 -emit-obj -mrelax-all -mnoexecstack -disable-free -disable-llvm-verifier -discard-value-names -main-file-name CMakeCXXCompilerABI.cpp -mrelocation-model pic -pic-level 2 -pic-is-pie -mthread-model posix -mdisable-fp-elim -masm-verbose -mconstructor-aliases -munwind-tables -fuse-init-array -target-cpu generic -target-feature +neon -target-abi aapcs -mllvm -aarch64-fix-cortex-a53-835769=1 -fallow-half-arguments-and-returns -dwarf-column-info -debug-info-kind=limited -dwarf-version=4 -debugger-tuning=gdb -target-linker-version 241.9 -v -ffunction-sections -fdata-sections -coverage-notes-file /Users/smzdm/AndroidStudioProjects/ffmpeg4android/ffmpeg-stream-mp4/.cxx/RelWithDebInfo/6s618725/arm64-v8a/CMakeFiles/CMakeTmp/CMakeFiles/cmTC_0570f.dir/CMakeCXXCompilerABI.cpp.gcno -resource-dir /Users/smzdm/Library/Android/sdk/ndk/20.0.5594570/toolchains/llvm/prebuilt/darwin-x86_64/lib64/clang/8.0.7 -dependency-file CMakeFiles/cmTC_0570f.dir/CMakeCXXCompilerABI.cpp.o.d -sys-header-deps -MT CMakeFiles/cmTC_0570f.dir/CMakeCXXCompilerABI.cpp.o -D ANDROID -isysroot /Users/smzdm/Library/Android/sdk/ndk/20.0.5594570/toolchains/llvm/prebuilt/darwin-x86_64/sysroot -internal-isystem /Users/smzdm/Library/Android/sdk/ndk/20.0.5594570/toolchains/llvm/prebuilt/darwin-x86_64/sysroot/usr/include/c++/v1 -internal-isystem /Users/smzdm/Library/Android/sdk/ndk/20.0.5594570/toolchains/llvm/prebuilt/darwin-x86_64/sysroot/usr/local/include -internal-isystem /Users/smzdm/Library/Android/sdk/ndk/20.0.5594570/toolchains/llvm/prebuilt/darwin-x86_64/lib64/clang/8.0.7/include -internal-externc-isystem /Users/smzdm/Library/Android/sdk/ndk/20.0.5594570/toolchains/llvm/prebuilt/darwin-x86_64/sysroot/usr/include/aarch64-linux-android -internal-externc-isystem /Users/smzdm/Library/Android/sdk/ndk/20.0.5594570/toolchains/llvm/prebuilt/darwin-x86_64/sysroot/include -internal-externc-isystem /Users/smzdm/Library/Android/sdk/ndk/20.0.5594570/toolchains/llvm/prebuilt/darwin-x86_64/sysroot/usr/include -Wformat -fdeprecated-macro -fdebug-compilation-dir /Users/smzdm/AndroidStudioProjects/ffmpeg4android/ffmpeg-stream-mp4/.cxx/RelWithDebInfo/6s618725/arm64-v8a/CMakeFiles/CMakeTmp -ferror-limit 19 -fmessage-length 0 -stack-protector 2 -fno-signed-char -fobjc-runtime=gcc -fcxx-exceptions -fexceptions -fdiagnostics-show-option -o CMakeFiles/cmTC_0570f.dir/CMakeCXXCompilerABI.cpp.o -x c++ /Users/smzdm/Library/Android/sdk/cmake/3.18.1/share/cmake-3.18/Modules/CMakeCXXCompilerABI.cpp]
  ignore line: [clang -cc1 version 8.0.7 based upon LLVM 8.0.7svn default target x86_64-apple-darwin21.3.0]
  ignore line: [ignoring nonexistent directory "/Users/smzdm/Library/Android/sdk/ndk/20.0.5594570/toolchains/llvm/prebuilt/darwin-x86_64/sysroot/include"]
  ignore line: [#include "..." search starts here:]
  ignore line: [#include <...> search starts here:]
  ignore line: [ /Users/smzdm/Library/Android/sdk/ndk/20.0.5594570/toolchains/llvm/prebuilt/darwin-x86_64/sysroot/usr/include/c++/v1]
  ignore line: [ /Users/smzdm/Library/Android/sdk/ndk/20.0.5594570/toolchains/llvm/prebuilt/darwin-x86_64/sysroot/usr/local/include]
  ignore line: [ /Users/smzdm/Library/Android/sdk/ndk/20.0.5594570/toolchains/llvm/prebuilt/darwin-x86_64/lib64/clang/8.0.7/include]
  ignore line: [ /Users/smzdm/Library/Android/sdk/ndk/20.0.5594570/toolchains/llvm/prebuilt/darwin-x86_64/sysroot/usr/include/aarch64-linux-android]
  ignore line: [ /Users/smzdm/Library/Android/sdk/ndk/20.0.5594570/toolchains/llvm/prebuilt/darwin-x86_64/sysroot/usr/include]
  ignore line: [End of search list.]
  ignore line: [[2/2] Linking CXX executable cmTC_0570f]
  ignore line: [Android (5220042 based on r346389c) clang version 8.0.7 (https://android.googlesource.com/toolchain/clang b55f2d4ebfd35bf643d27dbca1bb228957008617) (https://android.googlesource.com/toolchain/llvm 3c393fe7a7e13b0fba4ac75a01aa683d7a5b11cd) (based on LLVM 8.0.7svn)]
  ignore line: [Target: aarch64-none-linux-android21]
  ignore line: [Thread model: posix]
  ignore line: [InstalledDir: /Users/smzdm/Library/Android/sdk/ndk/20.0.5594570/toolchains/llvm/prebuilt/darwin-x86_64/bin]
  ignore line: [Found candidate GCC installation: /Users/smzdm/Library/Android/sdk/ndk/20.0.5594570/toolchains/llvm/prebuilt/darwin-x86_64/lib/gcc/aarch64-linux-android/4.9.x]
  ignore line: [Selected GCC installation: /Users/smzdm/Library/Android/sdk/ndk/20.0.5594570/toolchains/llvm/prebuilt/darwin-x86_64/lib/gcc/aarch64-linux-android/4.9.x]
  ignore line: [Candidate multilib: .]
  ignore line: [@m64]
  ignore line: [Selected multilib: .]
  ignore line: [@m64]
  link line: [ "/Users/smzdm/Library/Android/sdk/ndk/20.0.5594570/toolchains/llvm/prebuilt/darwin-x86_64/lib/gcc/aarch64-linux-android/4.9.x/../../../../aarch64-linux-android/bin/ld" --sysroot=/Users/smzdm/Library/Android/sdk/ndk/20.0.5594570/toolchains/llvm/prebuilt/darwin-x86_64/sysroot -pie -EL --fix-cortex-a53-843419 -z now -z relro --hash-style=both --enable-new-dtags --eh-frame-hdr -m aarch64linux -dynamic-linker /system/bin/linker64 -o cmTC_0570f /Users/smzdm/Library/Android/sdk/ndk/20.0.5594570/toolchains/llvm/prebuilt/darwin-x86_64/sysroot/usr/lib/aarch64-linux-android/21/crtbegin_dynamic.o -L/Users/smzdm/Library/Android/sdk/ndk/20.0.5594570/toolchains/llvm/prebuilt/darwin-x86_64/lib64/clang/8.0.7/lib/linux/aarch64 -L/Users/smzdm/Library/Android/sdk/ndk/20.0.5594570/toolchains/llvm/prebuilt/darwin-x86_64/lib/gcc/aarch64-linux-android/4.9.x -L/Users/smzdm/Library/Android/sdk/ndk/20.0.5594570/toolchains/llvm/prebuilt/darwin-x86_64/lib/gcc/aarch64-linux-android/4.9.x/../../../../aarch64-linux-android/lib/../lib64 -L/Users/smzdm/Library/Android/sdk/ndk/20.0.5594570/toolchains/llvm/prebuilt/darwin-x86_64/sysroot/usr/lib/aarch64-linux-android/21 -L/Users/smzdm/Library/Android/sdk/ndk/20.0.5594570/toolchains/llvm/prebuilt/darwin-x86_64/sysroot/usr/lib/aarch64-linux-android -L/Users/smzdm/Library/Android/sdk/ndk/20.0.5594570/toolchains/llvm/prebuilt/darwin-x86_64/lib/gcc/aarch64-linux-android/4.9.x/../../../../aarch64-linux-android/lib -L/Users/smzdm/Library/Android/sdk/ndk/20.0.5594570/toolchains/llvm/prebuilt/darwin-x86_64/sysroot/usr/lib --exclude-libs libgcc.a --exclude-libs libatomic.a --build-id --warn-shared-textrel --fatal-warnings --no-undefined -z noexecstack --gc-sections CMakeFiles/cmTC_0570f.dir/CMakeCXXCompilerABI.cpp.o -Bstatic -lc++ -Bdynamic -lm -lgcc -ldl -lc -lgcc -ldl /Users/smzdm/Library/Android/sdk/ndk/20.0.5594570/toolchains/llvm/prebuilt/darwin-x86_64/sysroot/usr/lib/aarch64-linux-android/21/crtend_android.o]
    arg [/Users/smzdm/Library/Android/sdk/ndk/20.0.5594570/toolchains/llvm/prebuilt/darwin-x86_64/lib/gcc/aarch64-linux-android/4.9.x/../../../../aarch64-linux-android/bin/ld] ==> ignore
    arg [--sysroot=/Users/smzdm/Library/Android/sdk/ndk/20.0.5594570/toolchains/llvm/prebuilt/darwin-x86_64/sysroot] ==> ignore
    arg [-pie] ==> ignore
    arg [-EL] ==> ignore
    arg [--fix-cortex-a53-843419] ==> ignore
    arg [-znow] ==> ignore
    arg [-zrelro] ==> ignore
    arg [--hash-style=both] ==> ignore
    arg [--enable-new-dtags] ==> ignore
    arg [--eh-frame-hdr] ==> ignore
    arg [-m] ==> ignore
    arg [aarch64linux] ==> ignore
    arg [-dynamic-linker] ==> ignore
    arg [/system/bin/linker64] ==> ignore
    arg [-o] ==> ignore
    arg [cmTC_0570f] ==> ignore
    arg [/Users/smzdm/Library/Android/sdk/ndk/20.0.5594570/toolchains/llvm/prebuilt/darwin-x86_64/sysroot/usr/lib/aarch64-linux-android/21/crtbegin_dynamic.o] ==> ignore
    arg [-L/Users/smzdm/Library/Android/sdk/ndk/20.0.5594570/toolchains/llvm/prebuilt/darwin-x86_64/lib64/clang/8.0.7/lib/linux/aarch64] ==> dir [/Users/smzdm/Library/Android/sdk/ndk/20.0.5594570/toolchains/llvm/prebuilt/darwin-x86_64/lib64/clang/8.0.7/lib/linux/aarch64]
    arg [-L/Users/smzdm/Library/Android/sdk/ndk/20.0.5594570/toolchains/llvm/prebuilt/darwin-x86_64/lib/gcc/aarch64-linux-android/4.9.x] ==> dir [/Users/smzdm/Library/Android/sdk/ndk/20.0.5594570/toolchains/llvm/prebuilt/darwin-x86_64/lib/gcc/aarch64-linux-android/4.9.x]
    arg [-L/Users/smzdm/Library/Android/sdk/ndk/20.0.5594570/toolchains/llvm/prebuilt/darwin-x86_64/lib/gcc/aarch64-linux-android/4.9.x/../../../../aarch64-linux-android/lib/../lib64] ==> dir [/Users/smzdm/Library/Android/sdk/ndk/20.0.5594570/toolchains/llvm/prebuilt/darwin-x86_64/lib/gcc/aarch64-linux-android/4.9.x/../../../../aarch64-linux-android/lib/../lib64]
    arg [-L/Users/smzdm/Library/Android/sdk/ndk/20.0.5594570/toolchains/llvm/prebuilt/darwin-x86_64/sysroot/usr/lib/aarch64-linux-android/21] ==> dir [/Users/smzdm/Library/Android/sdk/ndk/20.0.5594570/toolchains/llvm/prebuilt/darwin-x86_64/sysroot/usr/lib/aarch64-linux-android/21]
    arg [-L/Users/smzdm/Library/Android/sdk/ndk/20.0.5594570/toolchains/llvm/prebuilt/darwin-x86_64/sysroot/usr/lib/aarch64-linux-android] ==> dir [/Users/smzdm/Library/Android/sdk/ndk/20.0.5594570/toolchains/llvm/prebuilt/darwin-x86_64/sysroot/usr/lib/aarch64-linux-android]
    arg [-L/Users/smzdm/Library/Android/sdk/ndk/20.0.5594570/toolchains/llvm/prebuilt/darwin-x86_64/lib/gcc/aarch64-linux-android/4.9.x/../../../../aarch64-linux-android/lib] ==> dir [/Users/smzdm/Library/Android/sdk/ndk/20.0.5594570/toolchains/llvm/prebuilt/darwin-x86_64/lib/gcc/aarch64-linux-android/4.9.x/../../../../aarch64-linux-android/lib]
    arg [-L/Users/smzdm/Library/Android/sdk/ndk/20.0.5594570/toolchains/llvm/prebuilt/darwin-x86_64/sysroot/usr/lib] ==> dir [/Users/smzdm/Library/Android/sdk/ndk/20.0.5594570/toolchains/llvm/prebuilt/darwin-x86_64/sysroot/usr/lib]
    arg [--exclude-libs] ==> ignore
    arg [libgcc.a] ==> ignore
    arg [--exclude-libs] ==> ignore
    arg [libatomic.a] ==> ignore
    arg [--build-id] ==> ignore
    arg [--warn-shared-textrel] ==> ignore
    arg [--fatal-warnings] ==> ignore
    arg [--no-undefined] ==> ignore
    arg [-znoexecstack] ==> ignore
    arg [--gc-sections] ==> ignore
    arg [CMakeFiles/cmTC_0570f.dir/CMakeCXXCompilerABI.cpp.o] ==> ignore
    arg [-Bstatic] ==> ignore
    arg [-lc++] ==> lib [c++]
    arg [-Bdynamic] ==> ignore
    arg [-lm] ==> lib [m]
    arg [-lgcc] ==> lib [gcc]
    arg [-ldl] ==> lib [dl]
    arg [-lc] ==> lib [c]
    arg [-lgcc] ==> lib [gcc]
    arg [-ldl] ==> lib [dl]
    arg [/Users/smzdm/Library/Android/sdk/ndk/20.0.5594570/toolchains/llvm/prebuilt/darwin-x86_64/sysroot/usr/lib/aarch64-linux-android/21/crtend_android.o] ==> ignore
  collapse library dir [/Users/smzdm/Library/Android/sdk/ndk/20.0.5594570/toolchains/llvm/prebuilt/darwin-x86_64/lib64/clang/8.0.7/lib/linux/aarch64] ==> [/Users/smzdm/Library/Android/sdk/ndk/20.0.5594570/toolchains/llvm/prebuilt/darwin-x86_64/lib64/clang/8.0.7/lib/linux/aarch64]
  collapse library dir [/Users/smzdm/Library/Android/sdk/ndk/20.0.5594570/toolchains/llvm/prebuilt/darwin-x86_64/lib/gcc/aarch64-linux-android/4.9.x] ==> [/Users/smzdm/Library/Android/sdk/ndk/20.0.5594570/toolchains/llvm/prebuilt/darwin-x86_64/lib/gcc/aarch64-linux-android/4.9.x]
  collapse library dir [/Users/smzdm/Library/Android/sdk/ndk/20.0.5594570/toolchains/llvm/prebuilt/darwin-x86_64/lib/gcc/aarch64-linux-android/4.9.x/../../../../aarch64-linux-android/lib/../lib64] ==> [/Users/smzdm/Library/Android/sdk/ndk/20.0.5594570/toolchains/llvm/prebuilt/darwin-x86_64/aarch64-linux-android/lib64]
  collapse library dir [/Users/smzdm/Library/Android/sdk/ndk/20.0.5594570/toolchains/llvm/prebuilt/darwin-x86_64/sysroot/usr/lib/aarch64-linux-android/21] ==> [/Users/smzdm/Library/Android/sdk/ndk/20.0.5594570/toolchains/llvm/prebuilt/darwin-x86_64/sysroot/usr/lib/aarch64-linux-android/21]
  collapse library dir [/Users/smzdm/Library/Android/sdk/ndk/20.0.5594570/toolchains/llvm/prebuilt/darwin-x86_64/sysroot/usr/lib/aarch64-linux-android] ==> [/Users/smzdm/Library/Android/sdk/ndk/20.0.5594570/toolchains/llvm/prebuilt/darwin-x86_64/sysroot/usr/lib/aarch64-linux-android]
  collapse library dir [/Users/smzdm/Library/Android/sdk/ndk/20.0.5594570/toolchains/llvm/prebuilt/darwin-x86_64/lib/gcc/aarch64-linux-android/4.9.x/../../../../aarch64-linux-android/lib] ==> [/Users/smzdm/Library/Android/sdk/ndk/20.0.5594570/toolchains/llvm/prebuilt/darwin-x86_64/aarch64-linux-android/lib]
  collapse library dir [/Users/smzdm/Library/Android/sdk/ndk/20.0.5594570/toolchains/llvm/prebuilt/darwin-x86_64/sysroot/usr/lib] ==> [/Users/smzdm/Library/Android/sdk/ndk/20.0.5594570/toolchains/llvm/prebuilt/darwin-x86_64/sysroot/usr/lib]
  implicit libs: [c++;m;gcc;dl;c;gcc;dl]
  implicit dirs: [/Users/smzdm/Library/Android/sdk/ndk/20.0.5594570/toolchains/llvm/prebuilt/darwin-x86_64/lib64/clang/8.0.7/lib/linux/aarch64;/Users/smzdm/Library/Android/sdk/ndk/20.0.5594570/toolchains/llvm/prebuilt/darwin-x86_64/lib/gcc/aarch64-linux-android/4.9.x;/Users/smzdm/Library/Android/sdk/ndk/20.0.5594570/toolchains/llvm/prebuilt/darwin-x86_64/aarch64-linux-android/lib64;/Users/smzdm/Library/Android/sdk/ndk/20.0.5594570/toolchains/llvm/prebuilt/darwin-x86_64/sysroot/usr/lib/aarch64-linux-android/21;/Users/smzdm/Library/Android/sdk/ndk/20.0.5594570/toolchains/llvm/prebuilt/darwin-x86_64/sysroot/usr/lib/aarch64-linux-android;/Users/smzdm/Library/Android/sdk/ndk/20.0.5594570/toolchains/llvm/prebuilt/darwin-x86_64/aarch64-linux-android/lib;/Users/smzdm/Library/Android/sdk/ndk/20.0.5594570/toolchains/llvm/prebuilt/darwin-x86_64/sysroot/usr/lib]
  implicit fwks: []


